2020-12-19 19:08:25,232 INFO notifyConnectTimeout:200

2020-12-19 19:08:25,234 INFO notifySocketTimeout:8000

2020-12-19 19:08:25,234 INFO isHealthCheck:true

2020-12-19 19:08:25,235 INFO maxHealthCheckFailCount:12

2020-12-19 19:08:25,235 INFO maxContent:10485760

2020-12-19 19:08:26,175 INFO Schema 'NACOS' already exists.

2020-12-19 19:08:26,255 INFO Table/View 'CONFIG_INFO' already exists in Schema 'NACOS'.

2020-12-19 19:08:26,327 INFO Table/View 'HIS_CONFIG_INFO' already exists in Schema 'NACOS'.

2020-12-19 19:08:26,354 INFO Table/View 'CONFIG_INFO_BETA' already exists in Schema 'NACOS'.

2020-12-19 19:08:26,368 INFO Table/View 'CONFIG_INFO_TAG' already exists in Schema 'NACOS'.

2020-12-19 19:08:26,378 INFO Table/View 'CONFIG_INFO_AGGR' already exists in Schema 'NACOS'.

2020-12-19 19:08:26,392 INFO Table/View 'APP_LIST' already exists in Schema 'NACOS'.

2020-12-19 19:08:26,403 INFO Table/View 'APP_CONFIGDATA_RELATION_SUBS' already exists in Schema 'NACOS'.

2020-12-19 19:08:26,414 INFO Table/View 'APP_CONFIGDATA_RELATION_PUBS' already exists in Schema 'NACOS'.

2020-12-19 19:08:26,434 INFO Table/View 'CONFIG_TAGS_RELATION' already exists in Schema 'NACOS'.

2020-12-19 19:08:26,450 INFO Table/View 'GROUP_CAPACITY' already exists in Schema 'NACOS'.

2020-12-19 19:08:26,461 INFO Table/View 'TENANT_CAPACITY' already exists in Schema 'NACOS'.

2020-12-19 19:08:26,472 INFO Table/View 'TENANT_INFO' already exists in Schema 'NACOS'.

2020-12-19 19:08:26,486 INFO Table/View 'USERS' already exists in Schema 'NACOS'.

2020-12-19 19:08:26,497 INFO Table/View 'ROLES' already exists in Schema 'NACOS'.

2020-12-19 19:08:26,611 INFO The statement was aborted because it would have caused a duplicate key value in a unique or primary key constraint or unique index identified by 'SQL201020150758910' defined on 'USERS'.

2020-12-19 19:08:27,685 INFO ServerListService address-server port:8848

2020-12-19 19:08:27,686 INFO ADDRESS_SERVER_URL:http://jmenv.tbsite.net:8080/nacos/serverlist

2020-12-19 19:08:27,688 WARN [serverlist] updated to [192.168.126.1]

2020-12-19 19:08:27,792 WARN DumpService start

2020-12-19 19:08:27,796 INFO start clear all config-info.

2020-12-19 19:08:27,804 WARN clear all config-info failed.

2020-12-19 19:08:27,805 WARN clear all config-info-tenant failed.

2020-12-19 19:08:28,005 INFO [all-dump] 10 / 10

2020-12-19 19:08:28,006 INFO start clear all config-info-beta.

2020-12-19 19:08:28,006 WARN clear all config-info-beta failed.

2020-12-19 19:08:28,006 WARN clear all config-info-beta-tenant failed.

2020-12-19 19:08:28,022 INFO start clear all config-info-tag.

2020-12-19 19:08:28,023 WARN clear all config-info-tag failed.

2020-12-19 19:08:28,023 WARN clear all config-info-tag-tenant failed.

