2020-12-21 00:08:28,317 INFO [capacityManagement] start correct usage

2020-12-21 00:08:28,321 INFO [capacityManagement] end correct usage, cost: 0s

2020-12-21 00:08:29,113 WARN clearConfigHistory start

2020-12-21 00:08:29,114 WARN clearConfigHistory, getBeforeStamp:2020-11-21 00:08:29.0, totalCount:13, pageSize:1000, removeTime:1

2020-12-21 00:08:29,116 ERROR clearConfigHistory error

org.springframework.jdbc.UncategorizedSQLException: PreparedStatementCallback; uncategorized SQLException for SQL [delete from his_config_info where gmt_modified < ? OFFSET 0 ROWS FETCH NEXT ? ROWS ONLY]; SQL state [null]; error code [0]; Borrow prepareStatement from pool failed; nested exception is org.apache.commons.dbcp.SQLNestedException: Borrow prepareStatement from pool failed
	at org.springframework.jdbc.support.AbstractFallbackSQLExceptionTranslator.translate(AbstractFallbackSQLExceptionTranslator.java:89)
	at org.springframework.jdbc.support.AbstractFallbackSQLExceptionTranslator.translate(AbstractFallbackSQLExceptionTranslator.java:81)
	at org.springframework.jdbc.support.AbstractFallbackSQLExceptionTranslator.translate(AbstractFallbackSQLExceptionTranslator.java:81)
	at org.springframework.jdbc.core.JdbcTemplate.translateException(JdbcTemplate.java:1444)
	at org.springframework.jdbc.core.JdbcTemplate.execute(JdbcTemplate.java:632)
	at org.springframework.jdbc.core.JdbcTemplate.update(JdbcTemplate.java:862)
	at org.springframework.jdbc.core.JdbcTemplate.update(JdbcTemplate.java:917)
	at org.springframework.jdbc.core.JdbcTemplate.update(JdbcTemplate.java:927)
	at com.alibaba.nacos.config.server.utils.PaginationHelper.updateLimit(PaginationHelper.java:211)
	at com.alibaba.nacos.config.server.service.PersistService.removeConfigHistory(PersistService.java:934)
	at com.alibaba.nacos.config.server.service.PersistService$$FastClassBySpringCGLIB$$21ae4232.invoke(<generated>)
	at org.springframework.cglib.proxy.MethodProxy.invoke(MethodProxy.java:218)
	at org.springframework.aop.framework.CglibAopProxy$CglibMethodInvocation.invokeJoinpoint(CglibAopProxy.java:749)
	at org.springframework.aop.framework.ReflectiveMethodInvocation.proceed(ReflectiveMethodInvocation.java:163)
	at org.springframework.dao.support.PersistenceExceptionTranslationInterceptor.invoke(PersistenceExceptionTranslationInterceptor.java:139)
	at org.springframework.aop.framework.ReflectiveMethodInvocation.proceed(ReflectiveMethodInvocation.java:186)
	at org.springframework.aop.framework.CglibAopProxy$DynamicAdvisedInterceptor.intercept(CglibAopProxy.java:688)
	at com.alibaba.nacos.config.server.service.PersistService$$EnhancerBySpringCGLIB$$7ba771f.removeConfigHistory(<generated>)
	at com.alibaba.nacos.config.server.service.dump.DumpService.lambda$init$2(DumpService.java:98)
	at java.util.concurrent.Executors$RunnableAdapter.call(Executors.java:511)
	at java.util.concurrent.FutureTask.runAndReset(FutureTask.java:308)
	at java.util.concurrent.ScheduledThreadPoolExecutor$ScheduledFutureTask.access$301(ScheduledThreadPoolExecutor.java:180)
	at java.util.concurrent.ScheduledThreadPoolExecutor$ScheduledFutureTask.run(ScheduledThreadPoolExecutor.java:294)
	at java.util.concurrent.ThreadPoolExecutor.runWorker(ThreadPoolExecutor.java:1149)
	at java.util.concurrent.ThreadPoolExecutor$Worker.run(ThreadPoolExecutor.java:624)
	at java.lang.Thread.run(Thread.java:748)
Caused by: org.apache.commons.dbcp.SQLNestedException: Borrow prepareStatement from pool failed
	at org.apache.commons.dbcp.PoolingConnection.prepareStatement(PoolingConnection.java:113)
	at org.apache.commons.dbcp.DelegatingConnection.prepareStatement(DelegatingConnection.java:281)
	at org.apache.commons.dbcp.PoolingDataSource$PoolGuardConnectionWrapper.prepareStatement(PoolingDataSource.java:313)
	at org.springframework.jdbc.core.JdbcTemplate$SimplePreparedStatementCreator.createPreparedStatement(JdbcTemplate.java:1557)
	at org.springframework.jdbc.core.JdbcTemplate.execute(JdbcTemplate.java:615)
	... 21 common frames omitted
Caused by: java.sql.SQLSyntaxErrorException: Syntax error: Encountered "OFFSET" at line 1, column 52.
	at org.apache.derby.impl.jdbc.SQLExceptionFactory40.getSQLException(Unknown Source)
	at org.apache.derby.impl.jdbc.Util.generateCsSQLException(Unknown Source)
	at org.apache.derby.impl.jdbc.TransactionResourceImpl.wrapInSQLException(Unknown Source)
	at org.apache.derby.impl.jdbc.TransactionResourceImpl.handleException(Unknown Source)
	at org.apache.derby.impl.jdbc.EmbedConnection.handleException(Unknown Source)
	at org.apache.derby.impl.jdbc.ConnectionChild.handleException(Unknown Source)
	at org.apache.derby.impl.jdbc.EmbedPreparedStatement.<init>(Unknown Source)
	at org.apache.derby.impl.jdbc.EmbedPreparedStatement20.<init>(Unknown Source)
	at org.apache.derby.impl.jdbc.EmbedPreparedStatement30.<init>(Unknown Source)
	at org.apache.derby.impl.jdbc.EmbedPreparedStatement40.<init>(Unknown Source)
	at org.apache.derby.impl.jdbc.EmbedPreparedStatement42.<init>(Unknown Source)
	at org.apache.derby.jdbc.Driver42.newEmbedPreparedStatement(Unknown Source)
	at org.apache.derby.impl.jdbc.EmbedConnection.prepareStatement(Unknown Source)
	at org.apache.derby.impl.jdbc.EmbedConnection.prepareStatement(Unknown Source)
	at org.apache.commons.dbcp.PoolingConnection.makeObject(PoolingConnection.java:285)
	at org.apache.commons.pool.impl.GenericKeyedObjectPool.borrowObject(GenericKeyedObjectPool.java:1220)
	at org.apache.commons.dbcp.PoolingConnection.prepareStatement(PoolingConnection.java:107)
	... 25 common frames omitted
Caused by: org.apache.derby.impl.jdbc.EmbedSQLException: Syntax error: Encountered "OFFSET" at line 1, column 52.
	at org.apache.derby.impl.jdbc.SQLExceptionFactory.getSQLException(Unknown Source)
	at org.apache.derby.impl.jdbc.SQLExceptionFactory40.wrapArgsForTransportAcrossDRDA(Unknown Source)
	... 42 common frames omitted
Caused by: org.apache.derby.iapi.error.StandardException: Syntax error: Encountered "OFFSET" at line 1, column 52.
	at org.apache.derby.iapi.error.StandardException.newException(Unknown Source)
	at org.apache.derby.impl.sql.compile.ParserImpl.parseStatement(Unknown Source)
	at org.apache.derby.impl.sql.GenericStatement.prepMinion(Unknown Source)
	at org.apache.derby.impl.sql.GenericStatement.prepare(Unknown Source)
	at org.apache.derby.impl.sql.conn.GenericLanguageConnectionContext.prepareInternalStatement(Unknown Source)
	... 36 common frames omitted
2020-12-21 00:18:28,322 INFO [capacityManagement] start correct usage

2020-12-21 00:18:28,324 INFO [capacityManagement] end correct usage, cost: 0s

2020-12-21 00:18:29,118 WARN clearConfigHistory start

2020-12-21 00:18:29,119 WARN clearConfigHistory, getBeforeStamp:2020-11-21 00:18:29.0, totalCount:13, pageSize:1000, removeTime:1

2020-12-21 00:18:29,119 ERROR clearConfigHistory error

org.springframework.jdbc.UncategorizedSQLException: PreparedStatementCallback; uncategorized SQLException for SQL [delete from his_config_info where gmt_modified < ? OFFSET 0 ROWS FETCH NEXT ? ROWS ONLY]; SQL state [null]; error code [0]; Borrow prepareStatement from pool failed; nested exception is org.apache.commons.dbcp.SQLNestedException: Borrow prepareStatement from pool failed
	at org.springframework.jdbc.support.AbstractFallbackSQLExceptionTranslator.translate(AbstractFallbackSQLExceptionTranslator.java:89)
	at org.springframework.jdbc.support.AbstractFallbackSQLExceptionTranslator.translate(AbstractFallbackSQLExceptionTranslator.java:81)
	at org.springframework.jdbc.support.AbstractFallbackSQLExceptionTranslator.translate(AbstractFallbackSQLExceptionTranslator.java:81)
	at org.springframework.jdbc.core.JdbcTemplate.translateException(JdbcTemplate.java:1444)
	at org.springframework.jdbc.core.JdbcTemplate.execute(JdbcTemplate.java:632)
	at org.springframework.jdbc.core.JdbcTemplate.update(JdbcTemplate.java:862)
	at org.springframework.jdbc.core.JdbcTemplate.update(JdbcTemplate.java:917)
	at org.springframework.jdbc.core.JdbcTemplate.update(JdbcTemplate.java:927)
	at com.alibaba.nacos.config.server.utils.PaginationHelper.updateLimit(PaginationHelper.java:211)
	at com.alibaba.nacos.config.server.service.PersistService.removeConfigHistory(PersistService.java:934)
	at com.alibaba.nacos.config.server.service.PersistService$$FastClassBySpringCGLIB$$21ae4232.invoke(<generated>)
	at org.springframework.cglib.proxy.MethodProxy.invoke(MethodProxy.java:218)
	at org.springframework.aop.framework.CglibAopProxy$CglibMethodInvocation.invokeJoinpoint(CglibAopProxy.java:749)
	at org.springframework.aop.framework.ReflectiveMethodInvocation.proceed(ReflectiveMethodInvocation.java:163)
	at org.springframework.dao.support.PersistenceExceptionTranslationInterceptor.invoke(PersistenceExceptionTranslationInterceptor.java:139)
	at org.springframework.aop.framework.ReflectiveMethodInvocation.proceed(ReflectiveMethodInvocation.java:186)
	at org.springframework.aop.framework.CglibAopProxy$DynamicAdvisedInterceptor.intercept(CglibAopProxy.java:688)
	at com.alibaba.nacos.config.server.service.PersistService$$EnhancerBySpringCGLIB$$7ba771f.removeConfigHistory(<generated>)
	at com.alibaba.nacos.config.server.service.dump.DumpService.lambda$init$2(DumpService.java:98)
	at java.util.concurrent.Executors$RunnableAdapter.call(Executors.java:511)
	at java.util.concurrent.FutureTask.runAndReset(FutureTask.java:308)
	at java.util.concurrent.ScheduledThreadPoolExecutor$ScheduledFutureTask.access$301(ScheduledThreadPoolExecutor.java:180)
	at java.util.concurrent.ScheduledThreadPoolExecutor$ScheduledFutureTask.run(ScheduledThreadPoolExecutor.java:294)
	at java.util.concurrent.ThreadPoolExecutor.runWorker(ThreadPoolExecutor.java:1149)
	at java.util.concurrent.ThreadPoolExecutor$Worker.run(ThreadPoolExecutor.java:624)
	at java.lang.Thread.run(Thread.java:748)
Caused by: org.apache.commons.dbcp.SQLNestedException: Borrow prepareStatement from pool failed
	at org.apache.commons.dbcp.PoolingConnection.prepareStatement(PoolingConnection.java:113)
	at org.apache.commons.dbcp.DelegatingConnection.prepareStatement(DelegatingConnection.java:281)
	at org.apache.commons.dbcp.PoolingDataSource$PoolGuardConnectionWrapper.prepareStatement(PoolingDataSource.java:313)
	at org.springframework.jdbc.core.JdbcTemplate$SimplePreparedStatementCreator.createPreparedStatement(JdbcTemplate.java:1557)
	at org.springframework.jdbc.core.JdbcTemplate.execute(JdbcTemplate.java:615)
	... 21 common frames omitted
Caused by: java.sql.SQLSyntaxErrorException: Syntax error: Encountered "OFFSET" at line 1, column 52.
	at org.apache.derby.impl.jdbc.SQLExceptionFactory40.getSQLException(Unknown Source)
	at org.apache.derby.impl.jdbc.Util.generateCsSQLException(Unknown Source)
	at org.apache.derby.impl.jdbc.TransactionResourceImpl.wrapInSQLException(Unknown Source)
	at org.apache.derby.impl.jdbc.TransactionResourceImpl.handleException(Unknown Source)
	at org.apache.derby.impl.jdbc.EmbedConnection.handleException(Unknown Source)
	at org.apache.derby.impl.jdbc.ConnectionChild.handleException(Unknown Source)
	at org.apache.derby.impl.jdbc.EmbedPreparedStatement.<init>(Unknown Source)
	at org.apache.derby.impl.jdbc.EmbedPreparedStatement20.<init>(Unknown Source)
	at org.apache.derby.impl.jdbc.EmbedPreparedStatement30.<init>(Unknown Source)
	at org.apache.derby.impl.jdbc.EmbedPreparedStatement40.<init>(Unknown Source)
	at org.apache.derby.impl.jdbc.EmbedPreparedStatement42.<init>(Unknown Source)
	at org.apache.derby.jdbc.Driver42.newEmbedPreparedStatement(Unknown Source)
	at org.apache.derby.impl.jdbc.EmbedConnection.prepareStatement(Unknown Source)
	at org.apache.derby.impl.jdbc.EmbedConnection.prepareStatement(Unknown Source)
	at org.apache.commons.dbcp.PoolingConnection.makeObject(PoolingConnection.java:285)
	at org.apache.commons.pool.impl.GenericKeyedObjectPool.borrowObject(GenericKeyedObjectPool.java:1220)
	at org.apache.commons.dbcp.PoolingConnection.prepareStatement(PoolingConnection.java:107)
	... 25 common frames omitted
Caused by: org.apache.derby.impl.jdbc.EmbedSQLException: Syntax error: Encountered "OFFSET" at line 1, column 52.
	at org.apache.derby.impl.jdbc.SQLExceptionFactory.getSQLException(Unknown Source)
	at org.apache.derby.impl.jdbc.SQLExceptionFactory40.wrapArgsForTransportAcrossDRDA(Unknown Source)
	... 42 common frames omitted
Caused by: org.apache.derby.iapi.error.StandardException: Syntax error: Encountered "OFFSET" at line 1, column 52.
	at org.apache.derby.iapi.error.StandardException.newException(Unknown Source)
	at org.apache.derby.impl.sql.compile.ParserImpl.parseStatement(Unknown Source)
	at org.apache.derby.impl.sql.GenericStatement.prepMinion(Unknown Source)
	at org.apache.derby.impl.sql.GenericStatement.prepare(Unknown Source)
	at org.apache.derby.impl.sql.conn.GenericLanguageConnectionContext.prepareInternalStatement(Unknown Source)
	... 36 common frames omitted
2020-12-21 00:28:28,327 INFO [capacityManagement] start correct usage

2020-12-21 00:28:28,327 INFO [capacityManagement] end correct usage, cost: 0s

2020-12-21 00:28:29,122 WARN clearConfigHistory start

2020-12-21 00:28:29,123 WARN clearConfigHistory, getBeforeStamp:2020-11-21 00:28:29.0, totalCount:13, pageSize:1000, removeTime:1

2020-12-21 00:28:29,127 ERROR clearConfigHistory error

org.springframework.jdbc.UncategorizedSQLException: PreparedStatementCallback; uncategorized SQLException for SQL [delete from his_config_info where gmt_modified < ? OFFSET 0 ROWS FETCH NEXT ? ROWS ONLY]; SQL state [null]; error code [0]; Borrow prepareStatement from pool failed; nested exception is org.apache.commons.dbcp.SQLNestedException: Borrow prepareStatement from pool failed
	at org.springframework.jdbc.support.AbstractFallbackSQLExceptionTranslator.translate(AbstractFallbackSQLExceptionTranslator.java:89)
	at org.springframework.jdbc.support.AbstractFallbackSQLExceptionTranslator.translate(AbstractFallbackSQLExceptionTranslator.java:81)
	at org.springframework.jdbc.support.AbstractFallbackSQLExceptionTranslator.translate(AbstractFallbackSQLExceptionTranslator.java:81)
	at org.springframework.jdbc.core.JdbcTemplate.translateException(JdbcTemplate.java:1444)
	at org.springframework.jdbc.core.JdbcTemplate.execute(JdbcTemplate.java:632)
	at org.springframework.jdbc.core.JdbcTemplate.update(JdbcTemplate.java:862)
	at org.springframework.jdbc.core.JdbcTemplate.update(JdbcTemplate.java:917)
	at org.springframework.jdbc.core.JdbcTemplate.update(JdbcTemplate.java:927)
	at com.alibaba.nacos.config.server.utils.PaginationHelper.updateLimit(PaginationHelper.java:211)
	at com.alibaba.nacos.config.server.service.PersistService.removeConfigHistory(PersistService.java:934)
	at com.alibaba.nacos.config.server.service.PersistService$$FastClassBySpringCGLIB$$21ae4232.invoke(<generated>)
	at org.springframework.cglib.proxy.MethodProxy.invoke(MethodProxy.java:218)
	at org.springframework.aop.framework.CglibAopProxy$CglibMethodInvocation.invokeJoinpoint(CglibAopProxy.java:749)
	at org.springframework.aop.framework.ReflectiveMethodInvocation.proceed(ReflectiveMethodInvocation.java:163)
	at org.springframework.dao.support.PersistenceExceptionTranslationInterceptor.invoke(PersistenceExceptionTranslationInterceptor.java:139)
	at org.springframework.aop.framework.ReflectiveMethodInvocation.proceed(ReflectiveMethodInvocation.java:186)
	at org.springframework.aop.framework.CglibAopProxy$DynamicAdvisedInterceptor.intercept(CglibAopProxy.java:688)
	at com.alibaba.nacos.config.server.service.PersistService$$EnhancerBySpringCGLIB$$7ba771f.removeConfigHistory(<generated>)
	at com.alibaba.nacos.config.server.service.dump.DumpService.lambda$init$2(DumpService.java:98)
	at java.util.concurrent.Executors$RunnableAdapter.call(Executors.java:511)
	at java.util.concurrent.FutureTask.runAndReset(FutureTask.java:308)
	at java.util.concurrent.ScheduledThreadPoolExecutor$ScheduledFutureTask.access$301(ScheduledThreadPoolExecutor.java:180)
	at java.util.concurrent.ScheduledThreadPoolExecutor$ScheduledFutureTask.run(ScheduledThreadPoolExecutor.java:294)
	at java.util.concurrent.ThreadPoolExecutor.runWorker(ThreadPoolExecutor.java:1149)
	at java.util.concurrent.ThreadPoolExecutor$Worker.run(ThreadPoolExecutor.java:624)
	at java.lang.Thread.run(Thread.java:748)
Caused by: org.apache.commons.dbcp.SQLNestedException: Borrow prepareStatement from pool failed
	at org.apache.commons.dbcp.PoolingConnection.prepareStatement(PoolingConnection.java:113)
	at org.apache.commons.dbcp.DelegatingConnection.prepareStatement(DelegatingConnection.java:281)
	at org.apache.commons.dbcp.PoolingDataSource$PoolGuardConnectionWrapper.prepareStatement(PoolingDataSource.java:313)
	at org.springframework.jdbc.core.JdbcTemplate$SimplePreparedStatementCreator.createPreparedStatement(JdbcTemplate.java:1557)
	at org.springframework.jdbc.core.JdbcTemplate.execute(JdbcTemplate.java:615)
	... 21 common frames omitted
Caused by: java.sql.SQLSyntaxErrorException: Syntax error: Encountered "OFFSET" at line 1, column 52.
	at org.apache.derby.impl.jdbc.SQLExceptionFactory40.getSQLException(Unknown Source)
	at org.apache.derby.impl.jdbc.Util.generateCsSQLException(Unknown Source)
	at org.apache.derby.impl.jdbc.TransactionResourceImpl.wrapInSQLException(Unknown Source)
	at org.apache.derby.impl.jdbc.TransactionResourceImpl.handleException(Unknown Source)
	at org.apache.derby.impl.jdbc.EmbedConnection.handleException(Unknown Source)
	at org.apache.derby.impl.jdbc.ConnectionChild.handleException(Unknown Source)
	at org.apache.derby.impl.jdbc.EmbedPreparedStatement.<init>(Unknown Source)
	at org.apache.derby.impl.jdbc.EmbedPreparedStatement20.<init>(Unknown Source)
	at org.apache.derby.impl.jdbc.EmbedPreparedStatement30.<init>(Unknown Source)
	at org.apache.derby.impl.jdbc.EmbedPreparedStatement40.<init>(Unknown Source)
	at org.apache.derby.impl.jdbc.EmbedPreparedStatement42.<init>(Unknown Source)
	at org.apache.derby.jdbc.Driver42.newEmbedPreparedStatement(Unknown Source)
	at org.apache.derby.impl.jdbc.EmbedConnection.prepareStatement(Unknown Source)
	at org.apache.derby.impl.jdbc.EmbedConnection.prepareStatement(Unknown Source)
	at org.apache.commons.dbcp.PoolingConnection.makeObject(PoolingConnection.java:285)
	at org.apache.commons.pool.impl.GenericKeyedObjectPool.borrowObject(GenericKeyedObjectPool.java:1220)
	at org.apache.commons.dbcp.PoolingConnection.prepareStatement(PoolingConnection.java:107)
	... 25 common frames omitted
Caused by: org.apache.derby.impl.jdbc.EmbedSQLException: Syntax error: Encountered "OFFSET" at line 1, column 52.
	at org.apache.derby.impl.jdbc.SQLExceptionFactory.getSQLException(Unknown Source)
	at org.apache.derby.impl.jdbc.SQLExceptionFactory40.wrapArgsForTransportAcrossDRDA(Unknown Source)
	... 42 common frames omitted
Caused by: org.apache.derby.iapi.error.StandardException: Syntax error: Encountered "OFFSET" at line 1, column 52.
	at org.apache.derby.iapi.error.StandardException.newException(Unknown Source)
	at org.apache.derby.impl.sql.compile.ParserImpl.parseStatement(Unknown Source)
	at org.apache.derby.impl.sql.GenericStatement.prepMinion(Unknown Source)
	at org.apache.derby.impl.sql.GenericStatement.prepare(Unknown Source)
	at org.apache.derby.impl.sql.conn.GenericLanguageConnectionContext.prepareInternalStatement(Unknown Source)
	... 36 common frames omitted
2020-12-21 00:38:28,331 INFO [capacityManagement] start correct usage

2020-12-21 00:38:28,331 INFO [capacityManagement] end correct usage, cost: 0s

2020-12-21 00:38:29,129 WARN clearConfigHistory start

2020-12-21 00:38:29,130 WARN clearConfigHistory, getBeforeStamp:2020-11-21 00:38:29.0, totalCount:13, pageSize:1000, removeTime:1

2020-12-21 00:38:29,131 ERROR clearConfigHistory error

org.springframework.jdbc.UncategorizedSQLException: PreparedStatementCallback; uncategorized SQLException for SQL [delete from his_config_info where gmt_modified < ? OFFSET 0 ROWS FETCH NEXT ? ROWS ONLY]; SQL state [null]; error code [0]; Borrow prepareStatement from pool failed; nested exception is org.apache.commons.dbcp.SQLNestedException: Borrow prepareStatement from pool failed
	at org.springframework.jdbc.support.AbstractFallbackSQLExceptionTranslator.translate(AbstractFallbackSQLExceptionTranslator.java:89)
	at org.springframework.jdbc.support.AbstractFallbackSQLExceptionTranslator.translate(AbstractFallbackSQLExceptionTranslator.java:81)
	at org.springframework.jdbc.support.AbstractFallbackSQLExceptionTranslator.translate(AbstractFallbackSQLExceptionTranslator.java:81)
	at org.springframework.jdbc.core.JdbcTemplate.translateException(JdbcTemplate.java:1444)
	at org.springframework.jdbc.core.JdbcTemplate.execute(JdbcTemplate.java:632)
	at org.springframework.jdbc.core.JdbcTemplate.update(JdbcTemplate.java:862)
	at org.springframework.jdbc.core.JdbcTemplate.update(JdbcTemplate.java:917)
	at org.springframework.jdbc.core.JdbcTemplate.update(JdbcTemplate.java:927)
	at com.alibaba.nacos.config.server.utils.PaginationHelper.updateLimit(PaginationHelper.java:211)
	at com.alibaba.nacos.config.server.service.PersistService.removeConfigHistory(PersistService.java:934)
	at com.alibaba.nacos.config.server.service.PersistService$$FastClassBySpringCGLIB$$21ae4232.invoke(<generated>)
	at org.springframework.cglib.proxy.MethodProxy.invoke(MethodProxy.java:218)
	at org.springframework.aop.framework.CglibAopProxy$CglibMethodInvocation.invokeJoinpoint(CglibAopProxy.java:749)
	at org.springframework.aop.framework.ReflectiveMethodInvocation.proceed(ReflectiveMethodInvocation.java:163)
	at org.springframework.dao.support.PersistenceExceptionTranslationInterceptor.invoke(PersistenceExceptionTranslationInterceptor.java:139)
	at org.springframework.aop.framework.ReflectiveMethodInvocation.proceed(ReflectiveMethodInvocation.java:186)
	at org.springframework.aop.framework.CglibAopProxy$DynamicAdvisedInterceptor.intercept(CglibAopProxy.java:688)
	at com.alibaba.nacos.config.server.service.PersistService$$EnhancerBySpringCGLIB$$7ba771f.removeConfigHistory(<generated>)
	at com.alibaba.nacos.config.server.service.dump.DumpService.lambda$init$2(DumpService.java:98)
	at java.util.concurrent.Executors$RunnableAdapter.call(Executors.java:511)
	at java.util.concurrent.FutureTask.runAndReset(FutureTask.java:308)
	at java.util.concurrent.ScheduledThreadPoolExecutor$ScheduledFutureTask.access$301(ScheduledThreadPoolExecutor.java:180)
	at java.util.concurrent.ScheduledThreadPoolExecutor$ScheduledFutureTask.run(ScheduledThreadPoolExecutor.java:294)
	at java.util.concurrent.ThreadPoolExecutor.runWorker(ThreadPoolExecutor.java:1149)
	at java.util.concurrent.ThreadPoolExecutor$Worker.run(ThreadPoolExecutor.java:624)
	at java.lang.Thread.run(Thread.java:748)
Caused by: org.apache.commons.dbcp.SQLNestedException: Borrow prepareStatement from pool failed
	at org.apache.commons.dbcp.PoolingConnection.prepareStatement(PoolingConnection.java:113)
	at org.apache.commons.dbcp.DelegatingConnection.prepareStatement(DelegatingConnection.java:281)
	at org.apache.commons.dbcp.PoolingDataSource$PoolGuardConnectionWrapper.prepareStatement(PoolingDataSource.java:313)
	at org.springframework.jdbc.core.JdbcTemplate$SimplePreparedStatementCreator.createPreparedStatement(JdbcTemplate.java:1557)
	at org.springframework.jdbc.core.JdbcTemplate.execute(JdbcTemplate.java:615)
	... 21 common frames omitted
Caused by: java.sql.SQLSyntaxErrorException: Syntax error: Encountered "OFFSET" at line 1, column 52.
	at org.apache.derby.impl.jdbc.SQLExceptionFactory40.getSQLException(Unknown Source)
	at org.apache.derby.impl.jdbc.Util.generateCsSQLException(Unknown Source)
	at org.apache.derby.impl.jdbc.TransactionResourceImpl.wrapInSQLException(Unknown Source)
	at org.apache.derby.impl.jdbc.TransactionResourceImpl.handleException(Unknown Source)
	at org.apache.derby.impl.jdbc.EmbedConnection.handleException(Unknown Source)
	at org.apache.derby.impl.jdbc.ConnectionChild.handleException(Unknown Source)
	at org.apache.derby.impl.jdbc.EmbedPreparedStatement.<init>(Unknown Source)
	at org.apache.derby.impl.jdbc.EmbedPreparedStatement20.<init>(Unknown Source)
	at org.apache.derby.impl.jdbc.EmbedPreparedStatement30.<init>(Unknown Source)
	at org.apache.derby.impl.jdbc.EmbedPreparedStatement40.<init>(Unknown Source)
	at org.apache.derby.impl.jdbc.EmbedPreparedStatement42.<init>(Unknown Source)
	at org.apache.derby.jdbc.Driver42.newEmbedPreparedStatement(Unknown Source)
	at org.apache.derby.impl.jdbc.EmbedConnection.prepareStatement(Unknown Source)
	at org.apache.derby.impl.jdbc.EmbedConnection.prepareStatement(Unknown Source)
	at org.apache.commons.dbcp.PoolingConnection.makeObject(PoolingConnection.java:285)
	at org.apache.commons.pool.impl.GenericKeyedObjectPool.borrowObject(GenericKeyedObjectPool.java:1220)
	at org.apache.commons.dbcp.PoolingConnection.prepareStatement(PoolingConnection.java:107)
	... 25 common frames omitted
Caused by: org.apache.derby.impl.jdbc.EmbedSQLException: Syntax error: Encountered "OFFSET" at line 1, column 52.
	at org.apache.derby.impl.jdbc.SQLExceptionFactory.getSQLException(Unknown Source)
	at org.apache.derby.impl.jdbc.SQLExceptionFactory40.wrapArgsForTransportAcrossDRDA(Unknown Source)
	... 42 common frames omitted
Caused by: org.apache.derby.iapi.error.StandardException: Syntax error: Encountered "OFFSET" at line 1, column 52.
	at org.apache.derby.iapi.error.StandardException.newException(Unknown Source)
	at org.apache.derby.impl.sql.compile.ParserImpl.parseStatement(Unknown Source)
	at org.apache.derby.impl.sql.GenericStatement.prepMinion(Unknown Source)
	at org.apache.derby.impl.sql.GenericStatement.prepare(Unknown Source)
	at org.apache.derby.impl.sql.conn.GenericLanguageConnectionContext.prepareInternalStatement(Unknown Source)
	... 36 common frames omitted
2020-12-21 00:48:28,332 INFO [capacityManagement] start correct usage

2020-12-21 00:48:28,333 INFO [capacityManagement] end correct usage, cost: 0s

2020-12-21 00:48:29,133 WARN clearConfigHistory start

2020-12-21 00:48:29,133 WARN clearConfigHistory, getBeforeStamp:2020-11-21 00:48:29.0, totalCount:13, pageSize:1000, removeTime:1

2020-12-21 00:48:29,135 ERROR clearConfigHistory error

org.springframework.jdbc.UncategorizedSQLException: PreparedStatementCallback; uncategorized SQLException for SQL [delete from his_config_info where gmt_modified < ? OFFSET 0 ROWS FETCH NEXT ? ROWS ONLY]; SQL state [null]; error code [0]; Borrow prepareStatement from pool failed; nested exception is org.apache.commons.dbcp.SQLNestedException: Borrow prepareStatement from pool failed
	at org.springframework.jdbc.support.AbstractFallbackSQLExceptionTranslator.translate(AbstractFallbackSQLExceptionTranslator.java:89)
	at org.springframework.jdbc.support.AbstractFallbackSQLExceptionTranslator.translate(AbstractFallbackSQLExceptionTranslator.java:81)
	at org.springframework.jdbc.support.AbstractFallbackSQLExceptionTranslator.translate(AbstractFallbackSQLExceptionTranslator.java:81)
	at org.springframework.jdbc.core.JdbcTemplate.translateException(JdbcTemplate.java:1444)
	at org.springframework.jdbc.core.JdbcTemplate.execute(JdbcTemplate.java:632)
	at org.springframework.jdbc.core.JdbcTemplate.update(JdbcTemplate.java:862)
	at org.springframework.jdbc.core.JdbcTemplate.update(JdbcTemplate.java:917)
	at org.springframework.jdbc.core.JdbcTemplate.update(JdbcTemplate.java:927)
	at com.alibaba.nacos.config.server.utils.PaginationHelper.updateLimit(PaginationHelper.java:211)
	at com.alibaba.nacos.config.server.service.PersistService.removeConfigHistory(PersistService.java:934)
	at com.alibaba.nacos.config.server.service.PersistService$$FastClassBySpringCGLIB$$21ae4232.invoke(<generated>)
	at org.springframework.cglib.proxy.MethodProxy.invoke(MethodProxy.java:218)
	at org.springframework.aop.framework.CglibAopProxy$CglibMethodInvocation.invokeJoinpoint(CglibAopProxy.java:749)
	at org.springframework.aop.framework.ReflectiveMethodInvocation.proceed(ReflectiveMethodInvocation.java:163)
	at org.springframework.dao.support.PersistenceExceptionTranslationInterceptor.invoke(PersistenceExceptionTranslationInterceptor.java:139)
	at org.springframework.aop.framework.ReflectiveMethodInvocation.proceed(ReflectiveMethodInvocation.java:186)
	at org.springframework.aop.framework.CglibAopProxy$DynamicAdvisedInterceptor.intercept(CglibAopProxy.java:688)
	at com.alibaba.nacos.config.server.service.PersistService$$EnhancerBySpringCGLIB$$7ba771f.removeConfigHistory(<generated>)
	at com.alibaba.nacos.config.server.service.dump.DumpService.lambda$init$2(DumpService.java:98)
	at java.util.concurrent.Executors$RunnableAdapter.call(Executors.java:511)
	at java.util.concurrent.FutureTask.runAndReset(FutureTask.java:308)
	at java.util.concurrent.ScheduledThreadPoolExecutor$ScheduledFutureTask.access$301(ScheduledThreadPoolExecutor.java:180)
	at java.util.concurrent.ScheduledThreadPoolExecutor$ScheduledFutureTask.run(ScheduledThreadPoolExecutor.java:294)
	at java.util.concurrent.ThreadPoolExecutor.runWorker(ThreadPoolExecutor.java:1149)
	at java.util.concurrent.ThreadPoolExecutor$Worker.run(ThreadPoolExecutor.java:624)
	at java.lang.Thread.run(Thread.java:748)
Caused by: org.apache.commons.dbcp.SQLNestedException: Borrow prepareStatement from pool failed
	at org.apache.commons.dbcp.PoolingConnection.prepareStatement(PoolingConnection.java:113)
	at org.apache.commons.dbcp.DelegatingConnection.prepareStatement(DelegatingConnection.java:281)
	at org.apache.commons.dbcp.PoolingDataSource$PoolGuardConnectionWrapper.prepareStatement(PoolingDataSource.java:313)
	at org.springframework.jdbc.core.JdbcTemplate$SimplePreparedStatementCreator.createPreparedStatement(JdbcTemplate.java:1557)
	at org.springframework.jdbc.core.JdbcTemplate.execute(JdbcTemplate.java:615)
	... 21 common frames omitted
Caused by: java.sql.SQLSyntaxErrorException: Syntax error: Encountered "OFFSET" at line 1, column 52.
	at org.apache.derby.impl.jdbc.SQLExceptionFactory40.getSQLException(Unknown Source)
	at org.apache.derby.impl.jdbc.Util.generateCsSQLException(Unknown Source)
	at org.apache.derby.impl.jdbc.TransactionResourceImpl.wrapInSQLException(Unknown Source)
	at org.apache.derby.impl.jdbc.TransactionResourceImpl.handleException(Unknown Source)
	at org.apache.derby.impl.jdbc.EmbedConnection.handleException(Unknown Source)
	at org.apache.derby.impl.jdbc.ConnectionChild.handleException(Unknown Source)
	at org.apache.derby.impl.jdbc.EmbedPreparedStatement.<init>(Unknown Source)
	at org.apache.derby.impl.jdbc.EmbedPreparedStatement20.<init>(Unknown Source)
	at org.apache.derby.impl.jdbc.EmbedPreparedStatement30.<init>(Unknown Source)
	at org.apache.derby.impl.jdbc.EmbedPreparedStatement40.<init>(Unknown Source)
	at org.apache.derby.impl.jdbc.EmbedPreparedStatement42.<init>(Unknown Source)
	at org.apache.derby.jdbc.Driver42.newEmbedPreparedStatement(Unknown Source)
	at org.apache.derby.impl.jdbc.EmbedConnection.prepareStatement(Unknown Source)
	at org.apache.derby.impl.jdbc.EmbedConnection.prepareStatement(Unknown Source)
	at org.apache.commons.dbcp.PoolingConnection.makeObject(PoolingConnection.java:285)
	at org.apache.commons.pool.impl.GenericKeyedObjectPool.borrowObject(GenericKeyedObjectPool.java:1220)
	at org.apache.commons.dbcp.PoolingConnection.prepareStatement(PoolingConnection.java:107)
	... 25 common frames omitted
Caused by: org.apache.derby.impl.jdbc.EmbedSQLException: Syntax error: Encountered "OFFSET" at line 1, column 52.
	at org.apache.derby.impl.jdbc.SQLExceptionFactory.getSQLException(Unknown Source)
	at org.apache.derby.impl.jdbc.SQLExceptionFactory40.wrapArgsForTransportAcrossDRDA(Unknown Source)
	... 42 common frames omitted
Caused by: org.apache.derby.iapi.error.StandardException: Syntax error: Encountered "OFFSET" at line 1, column 52.
	at org.apache.derby.iapi.error.StandardException.newException(Unknown Source)
	at org.apache.derby.impl.sql.compile.ParserImpl.parseStatement(Unknown Source)
	at org.apache.derby.impl.sql.GenericStatement.prepMinion(Unknown Source)
	at org.apache.derby.impl.sql.GenericStatement.prepare(Unknown Source)
	at org.apache.derby.impl.sql.conn.GenericLanguageConnectionContext.prepareInternalStatement(Unknown Source)
	... 36 common frames omitted
2020-12-21 00:58:28,336 INFO [capacityManagement] start correct usage

2020-12-21 00:58:28,337 INFO [capacityManagement] end correct usage, cost: 0s

2020-12-21 00:58:29,138 WARN clearConfigHistory start

2020-12-21 00:58:29,139 WARN clearConfigHistory, getBeforeStamp:2020-11-21 00:58:29.0, totalCount:13, pageSize:1000, removeTime:1

2020-12-21 00:58:29,141 ERROR clearConfigHistory error

org.springframework.jdbc.UncategorizedSQLException: PreparedStatementCallback; uncategorized SQLException for SQL [delete from his_config_info where gmt_modified < ? OFFSET 0 ROWS FETCH NEXT ? ROWS ONLY]; SQL state [null]; error code [0]; Borrow prepareStatement from pool failed; nested exception is org.apache.commons.dbcp.SQLNestedException: Borrow prepareStatement from pool failed
	at org.springframework.jdbc.support.AbstractFallbackSQLExceptionTranslator.translate(AbstractFallbackSQLExceptionTranslator.java:89)
	at org.springframework.jdbc.support.AbstractFallbackSQLExceptionTranslator.translate(AbstractFallbackSQLExceptionTranslator.java:81)
	at org.springframework.jdbc.support.AbstractFallbackSQLExceptionTranslator.translate(AbstractFallbackSQLExceptionTranslator.java:81)
	at org.springframework.jdbc.core.JdbcTemplate.translateException(JdbcTemplate.java:1444)
	at org.springframework.jdbc.core.JdbcTemplate.execute(JdbcTemplate.java:632)
	at org.springframework.jdbc.core.JdbcTemplate.update(JdbcTemplate.java:862)
	at org.springframework.jdbc.core.JdbcTemplate.update(JdbcTemplate.java:917)
	at org.springframework.jdbc.core.JdbcTemplate.update(JdbcTemplate.java:927)
	at com.alibaba.nacos.config.server.utils.PaginationHelper.updateLimit(PaginationHelper.java:211)
	at com.alibaba.nacos.config.server.service.PersistService.removeConfigHistory(PersistService.java:934)
	at com.alibaba.nacos.config.server.service.PersistService$$FastClassBySpringCGLIB$$21ae4232.invoke(<generated>)
	at org.springframework.cglib.proxy.MethodProxy.invoke(MethodProxy.java:218)
	at org.springframework.aop.framework.CglibAopProxy$CglibMethodInvocation.invokeJoinpoint(CglibAopProxy.java:749)
	at org.springframework.aop.framework.ReflectiveMethodInvocation.proceed(ReflectiveMethodInvocation.java:163)
	at org.springframework.dao.support.PersistenceExceptionTranslationInterceptor.invoke(PersistenceExceptionTranslationInterceptor.java:139)
	at org.springframework.aop.framework.ReflectiveMethodInvocation.proceed(ReflectiveMethodInvocation.java:186)
	at org.springframework.aop.framework.CglibAopProxy$DynamicAdvisedInterceptor.intercept(CglibAopProxy.java:688)
	at com.alibaba.nacos.config.server.service.PersistService$$EnhancerBySpringCGLIB$$7ba771f.removeConfigHistory(<generated>)
	at com.alibaba.nacos.config.server.service.dump.DumpService.lambda$init$2(DumpService.java:98)
	at java.util.concurrent.Executors$RunnableAdapter.call(Executors.java:511)
	at java.util.concurrent.FutureTask.runAndReset(FutureTask.java:308)
	at java.util.concurrent.ScheduledThreadPoolExecutor$ScheduledFutureTask.access$301(ScheduledThreadPoolExecutor.java:180)
	at java.util.concurrent.ScheduledThreadPoolExecutor$ScheduledFutureTask.run(ScheduledThreadPoolExecutor.java:294)
	at java.util.concurrent.ThreadPoolExecutor.runWorker(ThreadPoolExecutor.java:1149)
	at java.util.concurrent.ThreadPoolExecutor$Worker.run(ThreadPoolExecutor.java:624)
	at java.lang.Thread.run(Thread.java:748)
Caused by: org.apache.commons.dbcp.SQLNestedException: Borrow prepareStatement from pool failed
	at org.apache.commons.dbcp.PoolingConnection.prepareStatement(PoolingConnection.java:113)
	at org.apache.commons.dbcp.DelegatingConnection.prepareStatement(DelegatingConnection.java:281)
	at org.apache.commons.dbcp.PoolingDataSource$PoolGuardConnectionWrapper.prepareStatement(PoolingDataSource.java:313)
	at org.springframework.jdbc.core.JdbcTemplate$SimplePreparedStatementCreator.createPreparedStatement(JdbcTemplate.java:1557)
	at org.springframework.jdbc.core.JdbcTemplate.execute(JdbcTemplate.java:615)
	... 21 common frames omitted
Caused by: java.sql.SQLSyntaxErrorException: Syntax error: Encountered "OFFSET" at line 1, column 52.
	at org.apache.derby.impl.jdbc.SQLExceptionFactory40.getSQLException(Unknown Source)
	at org.apache.derby.impl.jdbc.Util.generateCsSQLException(Unknown Source)
	at org.apache.derby.impl.jdbc.TransactionResourceImpl.wrapInSQLException(Unknown Source)
	at org.apache.derby.impl.jdbc.TransactionResourceImpl.handleException(Unknown Source)
	at org.apache.derby.impl.jdbc.EmbedConnection.handleException(Unknown Source)
	at org.apache.derby.impl.jdbc.ConnectionChild.handleException(Unknown Source)
	at org.apache.derby.impl.jdbc.EmbedPreparedStatement.<init>(Unknown Source)
	at org.apache.derby.impl.jdbc.EmbedPreparedStatement20.<init>(Unknown Source)
	at org.apache.derby.impl.jdbc.EmbedPreparedStatement30.<init>(Unknown Source)
	at org.apache.derby.impl.jdbc.EmbedPreparedStatement40.<init>(Unknown Source)
	at org.apache.derby.impl.jdbc.EmbedPreparedStatement42.<init>(Unknown Source)
	at org.apache.derby.jdbc.Driver42.newEmbedPreparedStatement(Unknown Source)
	at org.apache.derby.impl.jdbc.EmbedConnection.prepareStatement(Unknown Source)
	at org.apache.derby.impl.jdbc.EmbedConnection.prepareStatement(Unknown Source)
	at org.apache.commons.dbcp.PoolingConnection.makeObject(PoolingConnection.java:285)
	at org.apache.commons.pool.impl.GenericKeyedObjectPool.borrowObject(GenericKeyedObjectPool.java:1220)
	at org.apache.commons.dbcp.PoolingConnection.prepareStatement(PoolingConnection.java:107)
	... 25 common frames omitted
Caused by: org.apache.derby.impl.jdbc.EmbedSQLException: Syntax error: Encountered "OFFSET" at line 1, column 52.
	at org.apache.derby.impl.jdbc.SQLExceptionFactory.getSQLException(Unknown Source)
	at org.apache.derby.impl.jdbc.SQLExceptionFactory40.wrapArgsForTransportAcrossDRDA(Unknown Source)
	... 42 common frames omitted
Caused by: org.apache.derby.iapi.error.StandardException: Syntax error: Encountered "OFFSET" at line 1, column 52.
	at org.apache.derby.iapi.error.StandardException.newException(Unknown Source)
	at org.apache.derby.impl.sql.compile.ParserImpl.parseStatement(Unknown Source)
	at org.apache.derby.impl.sql.GenericStatement.prepMinion(Unknown Source)
	at org.apache.derby.impl.sql.GenericStatement.prepare(Unknown Source)
	at org.apache.derby.impl.sql.conn.GenericLanguageConnectionContext.prepareInternalStatement(Unknown Source)
	... 36 common frames omitted
2020-12-21 01:04:05,381 INFO Shutting down ExecutorService 'taskScheduler'

2020-12-21 01:04:05,394 INFO Shutting down ExecutorService 'applicationTaskExecutor'

